<?xml version="1.0" encoding="UTF-8"?>
<!-- Generated by org.testng.reporters.JUnitXMLReporter -->
<testsuite hostname="VITHYASAGAR" ignored="1" name="Test" tests="5" failures="1" timestamp="12 Oct 2022 17:52:56 GMT" time="0.08" errors="0">
  <testcase name="tc01" time="0.022" classname="org.testng.GroupingUseExclude">
    <failure type="java.lang.AssertionError" message="expected [true] but found [false]">
      <![CDATA[java.lang.AssertionError: expected [true] but found [false]
... Removed 30 stack frames]]>
    </failure>
  </testcase> <!-- tc01 -->
  <testcase name="tc04" time="0.001" classname="org.testng.GroupingUseExclude"/>
  <testcase name="tc06" time="0.001" classname="org.testng.GroupingUseExclude"/>
  <testcase name="tc05" time="0.001" classname="org.testng.GroupingUseExclude"/>
  <testcase name="tc02" time="0.0" classname="org.testng.GroupingUseExclude">
    <skipped/>
  </testcase> <!-- tc02 -->
  <testcase name="tc03" time="0.0" classname="org.testng.GroupingUseExclude">
    <ignored/>
  </testcase> <!-- tc03 -->
</testsuite> <!-- Test -->
